2021-02-28 20:35:37:读写config的操作似乎执行了
2021-02-28 20:35:37:早晚安插件装载成功
2021-02-28 20:35:37:事件通知插件装载成功
2021-02-28 20:35:37:色图插件装载成功
2021-02-28 20:35:37:插件装载成功，Alice已经启动
2021-02-28 20:39:59:读写config的操作似乎执行了
2021-02-28 20:39:59:早晚安插件装载成功
2021-02-28 20:39:59:事件通知插件装载成功
2021-02-28 20:39:59:色图插件装载成功
2021-02-28 20:39:59:插件装载成功，Alice已经启动
2021-02-28 20:40:34:读写config的操作似乎执行了
2021-02-28 20:40:34:早晚安插件装载成功
2021-02-28 20:40:34:事件通知插件装载成功
2021-02-28 20:40:34:色图插件装载成功
2021-02-28 20:40:34:插件装载成功，Alice已经启动
2021-02-28 22:19:06:早晚安插件装载成功
2021-02-28 22:19:07:事件通知插件装载成功
2021-02-28 22:19:07:色图插件装载成功
2021-02-28 22:19:07:插件装载成功，Alice已经启动
2021-02-28 22:22:47:读写config的操作似乎执行了
2021-02-28 22:22:47:早晚安插件装载成功
2021-02-28 22:22:47:事件通知插件装载成功
2021-02-28 22:22:47:色图插件装载成功
2021-02-28 22:22:47:插件装载成功，Alice已经启动
2021-02-28 22:33:36:读写config的操作似乎执行了
2021-02-28 22:43:52:读写config的操作似乎执行了
2021-02-28 22:43:52:早晚安插件装载成功
2021-02-28 22:43:52:事件通知插件装载成功
2021-02-28 22:43:52:色图插件装载成功
2021-02-28 22:43:52:插件装载成功，Alice已经启动
2021-02-28 22:45:39:读写config的操作似乎执行了
2021-02-28 22:45:39:早晚安插件装载成功
2021-02-28 22:45:39:事件通知插件装载成功
2021-02-28 22:45:39:色图插件装载成功
2021-02-28 22:45:39:插件装载成功，Alice已经启动
2021-02-28 22:45:57:读写config的操作似乎执行了
2021-02-28 22:45:57:早晚安插件装载成功
2021-02-28 22:45:57:事件通知插件装载成功
2021-02-28 22:45:57:色图插件装载成功
2021-02-28 22:45:57:插件装载成功，Alice已经启动
2021-02-28 22:46:36:读写config的操作似乎执行了
2021-02-28 22:46:36:早晚安插件装载成功
2021-02-28 22:46:36:事件通知插件装载成功
2021-02-28 22:46:36:色图插件装载成功
2021-02-28 22:46:36:插件装载成功，Alice已经启动
2021-02-28 22:47:59:早晚安插件装载成功
2021-02-28 22:47:59:事件通知插件装载成功
2021-02-28 22:47:59:色图插件装载成功
2021-02-28 22:47:59:插件装载成功，Alice已经启动
2021-02-28 22:48:09:读写config的操作似乎执行了
2021-02-28 22:48:09:早晚安插件装载成功
2021-02-28 22:48:09:事件通知插件装载成功
2021-02-28 22:48:09:色图插件装载成功
2021-02-28 22:48:09:插件装载成功，Alice已经启动
2021-02-28 22:48:19:读写config的操作似乎执行了
2021-02-28 22:48:19:早晚安插件装载成功
2021-02-28 22:48:19:事件通知插件装载成功
2021-02-28 22:48:19:色图插件装载成功
2021-02-28 22:48:19:插件装载成功，Alice已经启动
