2021-02-28 20:11:12:早晚安插件装载成功
2021-02-28 20:11:12:事件通知插件装载成功
2021-02-28 20:11:12:色图插件装载成功
2021-02-28 20:11:12:插件装载成功，Alice已经启动
2021-02-28 20:23:37:早晚安插件装载成功
2021-02-28 20:23:37:事件通知插件装载成功
2021-02-28 20:23:37:色图插件装载成功
2021-02-28 20:23:37:插件装载成功，Alice已经启动
2021-02-28 20:27:32:早晚安插件装载成功
2021-02-28 20:27:32:事件通知插件装载成功
2021-02-28 20:27:32:色图插件装载成功
2021-02-28 20:27:32:插件装载成功，Alice已经启动
2021-02-28 20:28:11:早晚安插件装载成功
2021-02-28 20:28:11:事件通知插件装载成功
2021-02-28 20:28:11:色图插件装载成功
2021-02-28 20:28:11:插件装载成功，Alice已经启动
2021-02-28 20:30:50:早晚安插件装载成功
2021-02-28 20:30:50:事件通知插件装载成功
2021-02-28 20:30:50:色图插件装载成功
2021-02-28 20:30:50:插件装载成功，Alice已经启动
2021-02-28 20:32:19:早晚安插件装载成功
2021-02-28 20:32:19:事件通知插件装载成功
2021-02-28 20:32:19:色图插件装载成功
2021-02-28 20:32:19:插件装载成功，Alice已经启动
2021-02-28 20:32:44:早晚安插件装载成功
2021-02-28 20:32:44:事件通知插件装载成功
2021-02-28 20:32:44:色图插件装载成功
2021-02-28 20:32:44:插件装载成功，Alice已经启动
2021-02-28 22:21:40:读写config的操作似乎执行了
2021-02-28 22:21:40:早晚安插件装载成功
2021-02-28 22:21:40:事件通知插件装载成功
2021-02-28 22:21:40:色图插件装载成功
2021-02-28 22:21:40:插件装载成功，Alice已经启动
2021-02-28 22:22:24:读写config的操作似乎执行了
2021-02-28 22:22:24:早晚安插件装载成功
2021-02-28 22:22:24:事件通知插件装载成功
2021-02-28 22:22:24:色图插件装载成功
2021-02-28 22:22:24:插件装载成功，Alice已经启动
